<?xml version="1.0" encoding="UTF-8"?>
<testsuite name="org.springframework.data.solr.repository.query.SolrParametersParameterAccessorTests" tests="5" skipped="0" failures="0" errors="0" timestamp="2025-03-26T03:08:32" hostname="192.168.1.7" time="0.03">
  <properties/>
  <testcase name="testGetBoost" classname="org.springframework.data.solr.repository.query.SolrParametersParameterAccessorTests" time="0.03"/>
  <testcase name="testGetBoostNotAllArgsHavingBoostValues" classname="org.springframework.data.solr.repository.query.SolrParametersParameterAccessorTests" time="0.0"/>
  <testcase name="testGetBoostMultipleObjects" classname="org.springframework.data.solr.repository.query.SolrParametersParameterAccessorTests" time="0.0"/>
  <testcase name="testInterator" classname="org.springframework.data.solr.repository.query.SolrParametersParameterAccessorTests" time="0.0"/>
  <testcase name="testNoArgs" classname="org.springframework.data.solr.repository.query.SolrParametersParameterAccessorTests" time="0.0"/>
  <system-out><![CDATA[]]></system-out>
  <system-err><![CDATA[]]></system-err>
</testsuite>
