<?xml version="1.0" encoding="UTF-8"?>
<testsuite name="org.springframework.data.solr.core.convert.SolrJConverterTests" tests="3" skipped="0" failures="0" errors="0" timestamp="2025-03-26T03:08:16" hostname="192.168.1.7" time="0.001">
  <properties/>
  <testcase name="testWrite" classname="org.springframework.data.solr.core.convert.SolrJConverterTests" time="0.0"/>
  <testcase name="testRead" classname="org.springframework.data.solr.core.convert.SolrJConverterTests" time="0.001"/>
  <testcase name="testWriteUpdate" classname="org.springframework.data.solr.core.convert.SolrJConverterTests" time="0.0"/>
  <system-out><![CDATA[]]></system-out>
  <system-err><![CDATA[]]></system-err>
</testsuite>
