<?xml version="1.0" encoding="UTF-8"?>
<testsuite name="org.springframework.data.solr.repository.query.StringBasedSolrQueryTests" tests="10" skipped="0" failures="0" errors="0" timestamp="2025-03-26T03:08:33" hostname="192.168.1.7" time="0.003">
  <properties/>
  <testcase name="testWithProjectionOnSingleField" classname="org.springframework.data.solr.repository.query.StringBasedSolrQueryTests" time="0.001"/>
  <testcase name="testWithPointProperty" classname="org.springframework.data.solr.repository.query.StringBasedSolrQueryTests" time="0.0"/>
  <testcase name="testWithSortInPageable" classname="org.springframework.data.solr.repository.query.StringBasedSolrQueryTests" time="0.001"/>
  <testcase name="testWithSort" classname="org.springframework.data.solr.repository.query.StringBasedSolrQueryTests" time="0.0"/>
  <testcase name="testQueryCreationWithNullProperty" classname="org.springframework.data.solr.repository.query.StringBasedSolrQueryTests" time="0.0"/>
  <testcase name="testQueryCreationSingleProperty" classname="org.springframework.data.solr.repository.query.StringBasedSolrQueryTests" time="0.0"/>
  <testcase name="testQueryCreationMultiyProperty" classname="org.springframework.data.solr.repository.query.StringBasedSolrQueryTests" time="0.001"/>
  <testcase name="testWithProjectionOnMultipleFields" classname="org.springframework.data.solr.repository.query.StringBasedSolrQueryTests" time="0.0"/>
  <testcase name="testQueryCreationWithNegativeProperty" classname="org.springframework.data.solr.repository.query.StringBasedSolrQueryTests" time="0.0"/>
  <testcase name="testWithPointPropertyWhereDistanceIsInMiles" classname="org.springframework.data.solr.repository.query.StringBasedSolrQueryTests" time="0.0"/>
  <system-out><![CDATA[]]></system-out>
  <system-err><![CDATA[]]></system-err>
</testsuite>
