<?xml version="1.0" encoding="UTF-8"?>
<testsuite name="org.springframework.data.solr.core.schema.ITestSolrSchemaCreation" tests="2" skipped="0" failures="0" errors="0" timestamp="2025-03-26T03:08:22" hostname="192.168.1.7" time="2.457">
  <properties/>
  <testcase name="beanShouldBeSavedCorrectly" classname="org.springframework.data.solr.core.schema.ITestSolrSchemaCreation" time="1.588"/>
  <testcase name="existingFieldsShouldNotBeTouched" classname="org.springframework.data.solr.core.schema.ITestSolrSchemaCreation" time="0.869"/>
  <system-out><![CDATA[]]></system-out>
  <system-err><![CDATA[]]></system-err>
</testsuite>
