<?xml version="1.0" encoding="UTF-8"?>
<testsuite name="org.springframework.data.solr.core.convert.UpdateToSolrInputDocumentConverterTests" tests="11" skipped="0" failures="0" errors="0" timestamp="2025-03-26T03:08:16" hostname="192.168.1.7" time="0.001">
  <properties/>
  <testcase name="testConvertNull" classname="org.springframework.data.solr.core.convert.UpdateToSolrInputDocumentConverterTests" time="0.0"/>
  <testcase name="testConvertFieldWithCollectionsIsTransformedCorrectlyToSolrInputDocument" classname="org.springframework.data.solr.core.convert.UpdateToSolrInputDocumentConverterTests" time="0.0"/>
  <testcase name="testConvertNullIdField" classname="org.springframework.data.solr.core.convert.UpdateToSolrInputDocumentConverterTests" time="0.001"/>
  <testcase name="testConvertFieldWithNullValueIsTransformedCorrectly" classname="org.springframework.data.solr.core.convert.UpdateToSolrInputDocumentConverterTests" time="0.0"/>
  <testcase name="testConvertFieldWithEmtpyCollectionsAddsNullValueForUpdate" classname="org.springframework.data.solr.core.convert.UpdateToSolrInputDocumentConverterTests" time="0.0"/>
  <testcase name="testConvertWithIdAndVersion" classname="org.springframework.data.solr.core.convert.UpdateToSolrInputDocumentConverterTests" time="0.0"/>
  <testcase name="testConvertWhenSettingValue" classname="org.springframework.data.solr.core.convert.UpdateToSolrInputDocumentConverterTests" time="0.0"/>
  <testcase name="testConvertBlankIdField" classname="org.springframework.data.solr.core.convert.UpdateToSolrInputDocumentConverterTests" time="0.0"/>
  <testcase name="testConvertWhenAddingValue" classname="org.springframework.data.solr.core.convert.UpdateToSolrInputDocumentConverterTests" time="0.0"/>
  <testcase name="testConvertWithIdNoVersion" classname="org.springframework.data.solr.core.convert.UpdateToSolrInputDocumentConverterTests" time="0.0"/>
  <testcase name="testConvertWhenIncreasingValue" classname="org.springframework.data.solr.core.convert.UpdateToSolrInputDocumentConverterTests" time="0.0"/>
  <system-out><![CDATA[]]></system-out>
  <system-err><![CDATA[]]></system-err>
</testsuite>
