<?xml version="1.0" encoding="UTF-8"?>
<testsuite name="org.springframework.data.solr.core.query.result.SolrGroupResultPageTest" tests="5" skipped="0" failures="0" errors="0" timestamp="2025-03-26T03:08:18" hostname="192.168.1.7" time="0.092">
  <properties/>
  <testcase name="testGetGroupResultFunction" classname="org.springframework.data.solr.core.query.result.SolrGroupResultPageTest" time="0.062"/>
  <testcase name="testGetGroupResultField" classname="org.springframework.data.solr.core.query.result.SolrGroupResultPageTest" time="0.03"/>
  <testcase name="testGetGroupResultQuery" classname="org.springframework.data.solr.core.query.result.SolrGroupResultPageTest" time="0.0"/>
  <testcase name="testInexistentGroupResult" classname="org.springframework.data.solr.core.query.result.SolrGroupResultPageTest" time="0.0"/>
  <testcase name="testGetGroupResultString" classname="org.springframework.data.solr.core.query.result.SolrGroupResultPageTest" time="0.0"/>
  <system-out><![CDATA[]]></system-out>
  <system-err><![CDATA[]]></system-err>
</testsuite>
