<?xml version="1.0" encoding="UTF-8"?>
<testsuite name="org.springframework.data.solr.repository.ITestTransactionalSolrRepositoryDeleteOperationRollbackTrue" tests="4" skipped="0" failures="0" errors="0" timestamp="2025-03-26T03:08:30" hostname="192.168.1.7" time="0.003">
  <properties/>
  <testcase name="testDeleteMultipleObjects" classname="org.springframework.data.solr.repository.ITestTransactionalSolrRepositoryDeleteOperationRollbackTrue" time="0.001"/>
  <testcase name="testDeleteAll" classname="org.springframework.data.solr.repository.ITestTransactionalSolrRepositoryDeleteOperationRollbackTrue" time="0.001"/>
  <testcase name="testDeleteById" classname="org.springframework.data.solr.repository.ITestTransactionalSolrRepositoryDeleteOperationRollbackTrue" time="0.0"/>
  <testcase name="testDelete" classname="org.springframework.data.solr.repository.ITestTransactionalSolrRepositoryDeleteOperationRollbackTrue" time="0.001"/>
  <system-out><![CDATA[]]></system-out>
  <system-err><![CDATA[]]></system-err>
</testsuite>
