<?xml version="1.0" encoding="UTF-8"?>
<testsuite name="org.springframework.data.solr.core.mapping.SimpleSolrPersistentPropertyTest" tests="1" skipped="0" failures="0" errors="0" timestamp="2025-03-26T03:08:17" hostname="192.168.1.7" time="0.07">
  <properties/>
  <testcase name="scoredPropertyShouldBeReadOnlyAndNotWritable" classname="org.springframework.data.solr.core.mapping.SimpleSolrPersistentPropertyTest" time="0.07"/>
  <system-out><![CDATA[]]></system-out>
  <system-err><![CDATA[]]></system-err>
</testsuite>
