<?xml version="1.0" encoding="UTF-8"?>
<testsuite name="org.springframework.data.solr.repository.SimpleSolrRepositoryTests" tests="6" skipped="0" failures="0" errors="0" timestamp="2025-03-26T03:08:30" hostname="192.168.1.7" time="0.07">
  <properties/>
  <testcase name="testFindAllByIdQuery" classname="org.springframework.data.solr.repository.SimpleSolrRepositoryTests" time="0.023"/>
  <testcase name="testInitRepositoryWithNullEntityClass" classname="org.springframework.data.solr.repository.SimpleSolrRepositoryTests" time="0.039"/>
  <testcase name="testInitRepositoryWithNullSolrOperations" classname="org.springframework.data.solr.repository.SimpleSolrRepositoryTests" time="0.001"/>
  <testcase name="testInitRepository" classname="org.springframework.data.solr.repository.SimpleSolrRepositoryTests" time="0.003"/>
  <testcase name="saveAllShouldPassOnCommitWithinCorrectly" classname="org.springframework.data.solr.repository.SimpleSolrRepositoryTests" time="0.001"/>
  <testcase name="testFindAllByIdQueryForBeanWithLongIdType" classname="org.springframework.data.solr.repository.SimpleSolrRepositoryTests" time="0.003"/>
  <system-out><![CDATA[]]></system-out>
  <system-err><![CDATA[]]></system-err>
</testsuite>
