<?xml version="1.0" encoding="UTF-8"?>
<testsuite name="org.springframework.data.solr.core.QueryParsersTests" tests="3" skipped="0" failures="0" errors="0" timestamp="2025-03-26T03:08:13" hostname="192.168.1.7" time="0.004">
  <properties/>
  <testcase name="testGetForClassReturnsTermsQueryParserForTermsQueryType" classname="org.springframework.data.solr.core.QueryParsersTests" time="0.001"/>
  <testcase name="testGetForClassReturnsDefaultParserForUnknowQueryType" classname="org.springframework.data.solr.core.QueryParsersTests" time="0.002"/>
  <testcase name="testGetForClassReturnsCustomQueryParserIfAdded" classname="org.springframework.data.solr.core.QueryParsersTests" time="0.001"/>
  <system-out><![CDATA[]]></system-out>
  <system-err><![CDATA[]]></system-err>
</testsuite>
