<?xml version="1.0" encoding="UTF-8"?>
<testsuite name="org.springframework.data.solr.repository.config.ITestEnableSolrRepositoriesWithSchemaCreationSupport" tests="1" skipped="0" failures="0" errors="0" timestamp="2025-03-26T03:08:32" hostname="192.168.1.7" time="0.004">
  <properties/>
  <testcase name="bootstrapsRepository" classname="org.springframework.data.solr.repository.config.ITestEnableSolrRepositoriesWithSchemaCreationSupport" time="0.004"/>
  <system-out><![CDATA[]]></system-out>
  <system-err><![CDATA[]]></system-err>
</testsuite>
