<?xml version="1.0" encoding="UTF-8"?>
<testsuite name="org.springframework.data.solr.core.query.FieldWithQueryParametersTests" tests="11" skipped="0" failures="0" errors="0" timestamp="2025-03-26T03:08:17" hostname="192.168.1.7" time="0.0">
  <properties/>
  <testcase name="testHasQueryParametersWhenNoneAvailable" classname="org.springframework.data.solr.core.query.FieldWithQueryParametersTests" time="0.0"/>
  <testcase name="testGetQueryParametersWhenNoneAvailable" classname="org.springframework.data.solr.core.query.FieldWithQueryParametersTests" time="0.0"/>
  <testcase name="testAddNullQueryParameter" classname="org.springframework.data.solr.core.query.FieldWithQueryParametersTests" time="0.0"/>
  <testcase name="testGetParameter" classname="org.springframework.data.solr.core.query.FieldWithQueryParametersTests" time="0.0"/>
  <testcase name="testAddingMultipleQueryParameters" classname="org.springframework.data.solr.core.query.FieldWithQueryParametersTests" time="0.0"/>
  <testcase name="testGetIteratorWhenNoneAvailable" classname="org.springframework.data.solr.core.query.FieldWithQueryParametersTests" time="0.0"/>
  <testcase name="createInstanceWithBlankFieldName" classname="org.springframework.data.solr.core.query.FieldWithQueryParametersTests" time="0.0"/>
  <testcase name="createInstanceWithNullForFieldName" classname="org.springframework.data.solr.core.query.FieldWithQueryParametersTests" time="0.0"/>
  <testcase name="testGetQueryParameterValueWhenNoneAvailable" classname="org.springframework.data.solr.core.query.FieldWithQueryParametersTests" time="0.0"/>
  <testcase name="getParameterValue" classname="org.springframework.data.solr.core.query.FieldWithQueryParametersTests" time="0.0"/>
  <testcase name="testAddQueryParameter" classname="org.springframework.data.solr.core.query.FieldWithQueryParametersTests" time="0.0"/>
  <system-out><![CDATA[]]></system-out>
  <system-err><![CDATA[]]></system-err>
</testsuite>
