<?xml version="1.0" encoding="UTF-8"?>
<testsuite name="org.springframework.data.solr.core.query.ITestCriteriaExecution" tests="6" skipped="0" failures="0" errors="0" timestamp="2025-03-26T03:08:17" hostname="192.168.1.7" time="0.304">
  <properties/>
  <testcase name="testPoint" classname="org.springframework.data.solr.core.query.ITestCriteriaExecution" time="0.056"/>
  <testcase name="testDateValue" classname="org.springframework.data.solr.core.query.ITestCriteriaExecution" time="0.047"/>
  <testcase name="testPointWithDistanceInMiles" classname="org.springframework.data.solr.core.query.ITestCriteriaExecution" time="0.048"/>
  <testcase name="testNegativeNumberInRange" classname="org.springframework.data.solr.core.query.ITestCriteriaExecution" time="0.047"/>
  <testcase name="testNegativeNumberCriteria" classname="org.springframework.data.solr.core.query.ITestCriteriaExecution" time="0.051"/>
  <testcase name="testDateValueInRangeQuery" classname="org.springframework.data.solr.core.query.ITestCriteriaExecution" time="0.054"/>
  <system-out><![CDATA[]]></system-out>
  <system-err><![CDATA[]]></system-err>
</testsuite>
