<?xml version="1.0" encoding="UTF-8"?>
<testsuite name="org.springframework.data.solr.repository.ITestTransactionalSolrRepositorySaveOperationRollbackTrue" tests="2" skipped="0" failures="0" errors="0" timestamp="2025-03-26T03:08:30" hostname="192.168.1.7" time="0.002">
  <properties/>
  <testcase name="testSave" classname="org.springframework.data.solr.repository.ITestTransactionalSolrRepositorySaveOperationRollbackTrue" time="0.001"/>
  <testcase name="testSaveMultipleObjects" classname="org.springframework.data.solr.repository.ITestTransactionalSolrRepositorySaveOperationRollbackTrue" time="0.001"/>
  <system-out><![CDATA[]]></system-out>
  <system-err><![CDATA[]]></system-err>
</testsuite>
