<?xml version="1.0" encoding="UTF-8"?>
<testsuite name="org.springframework.data.solr.repository.ITestSolrRepositoryOperations" tests="84" skipped="2" failures="0" errors="0" timestamp="2025-03-26T03:08:26" hostname="192.168.1.7" time="4.309">
  <properties/>
  <testcase name="testFindByBefore" classname="org.springframework.data.solr.repository.ITestSolrRepositoryOperations" time="0.094"/>
  <testcase name="testPaginationNoElementsFound" classname="org.springframework.data.solr.repository.ITestSolrRepositoryOperations" time="0.042"/>
  <testcase name="testFindOneThatDoesNotExist" classname="org.springframework.data.solr.repository.ITestSolrRepositoryOperations" time="0.038"/>
  <testcase name="testFindWithSortDescInPageableForAnnotatedQuery" classname="org.springframework.data.solr.repository.ITestSolrRepositoryOperations" time="0.072"/>
  <testcase name="testFacetWithStaticPrefix" classname="org.springframework.data.solr.repository.ITestSolrRepositoryOperations" time="0.046"/>
  <testcase name="testFacetAndHighlightWithFields" classname="org.springframework.data.solr.repository.ITestSolrRepositoryOperations" time="0.079"/>
  <testcase name="testFindByIsNull" classname="org.springframework.data.solr.repository.ITestSolrRepositoryOperations" time="0.07"/>
  <testcase name="testFindByLessThan" classname="org.springframework.data.solr.repository.ITestSolrRepositoryOperations" time="0.04"/>
  <testcase name="testFindByIsNotNull" classname="org.springframework.data.solr.repository.ITestSolrRepositoryOperations" time="0.07"/>
  <testcase name="testSingleFilter" classname="org.springframework.data.solr.repository.ITestSolrRepositoryOperations" time="0.037"/>
  <testcase name="testFindSingleElementByIs" classname="org.springframework.data.solr.repository.ITestSolrRepositoryOperations" time="0.039"/>
  <testcase name="testFacetOnMultipleFields" classname="org.springframework.data.solr.repository.ITestSolrRepositoryOperations" time="0.039"/>
  <testcase name="testExistsOneThatDoesNotExist" classname="org.springframework.data.solr.repository.ITestSolrRepositoryOperations" time="0.035"/>
  <testcase name="testFindByAvailableUsingQueryAnnotationTrue" classname="org.springframework.data.solr.repository.ITestSolrRepositoryOperations" time="0.038"/>
  <testcase name="testFindConcatedByOr" classname="org.springframework.data.solr.repository.ITestSolrRepositoryOperations" time="0.043"/>
  <testcase name="testFindByWithin" classname="org.springframework.data.solr.repository.ITestSolrRepositoryOperations" time="0.078"/>
  <testcase name="testQueryWithRequestHandler" classname="org.springframework.data.solr.repository.ITestSolrRepositoryOperations" time="0.103"/>
  <testcase name="sliceShouldReturnAllElementsWhenPageableIsBigEnoughCorrectly" classname="org.springframework.data.solr.repository.ITestSolrRepositoryOperations" time="0.065"/>
  <testcase name="testFindByNameWithSpellcheckSeggestion" classname="org.springframework.data.solr.repository.ITestSolrRepositoryOperations" time="0.078"/>
  <testcase name="testFindByGreaterThan" classname="org.springframework.data.solr.repository.ITestSolrRepositoryOperations" time="0.041"/>
  <testcase name="testFindOne" classname="org.springframework.data.solr.repository.ITestSolrRepositoryOperations" time="0.07"/>
  <testcase name="testParametrizedFilter" classname="org.springframework.data.solr.repository.ITestSolrRepositoryOperations" time="0.036"/>
  <testcase name="testDerivedDeleteByQueryRemovesDocumentAndReturnsListOfDeletedDocumentsCorrectly" classname="org.springframework.data.solr.repository.ITestSolrRepositoryOperations" time="0.074"/>
  <testcase name="testCount" classname="org.springframework.data.solr.repository.ITestSolrRepositoryOperations" time="0.039"/>
  <testcase name="testFindWithSortDesc" classname="org.springframework.data.solr.repository.ITestSolrRepositoryOperations" time="0.072"/>
  <testcase name="testCountByWorksCorrectly" classname="org.springframework.data.solr.repository.ITestSolrRepositoryOperations" time="0.038"/>
  <testcase name="testFindByLike" classname="org.springframework.data.solr.repository.ITestSolrRepositoryOperations" time="0.037"/>
  <testcase name="testFindByNear" classname="org.springframework.data.solr.repository.ITestSolrRepositoryOperations" time="0.064"/>
  <testcase name="testWithDefTypeLucene" classname="org.springframework.data.solr.repository.ITestSolrRepositoryOperations" time="0.088"/>
  <testcase name="testFindByBooleanFalse" classname="org.springframework.data.solr.repository.ITestSolrRepositoryOperations" time="0.04"/>
  <testcase name="testFacetAndHighlightWithQueryOverride" classname="org.springframework.data.solr.repository.ITestSolrRepositoryOperations" time="0.062"/>
  <testcase name="testTimeAllowed" classname="org.springframework.data.solr.repository.ITestSolrRepositoryOperations" time="0.038"/>
  <testcase name="testFacetWithDynamicPrefix" classname="org.springframework.data.solr.repository.ITestSolrRepositoryOperations" time="0.037"/>
  <testcase name="testHighlightWithFields" classname="org.springframework.data.solr.repository.ITestSolrRepositoryOperations" time="0.06"/>
  <testcase name="testFacetOnMulipleQueries" classname="org.springframework.data.solr.repository.ITestSolrRepositoryOperations" time="0.037"/>
  <testcase name="testHighlightWithQueryOverride" classname="org.springframework.data.solr.repository.ITestSolrRepositoryOperations" time="0.059"/>
  <testcase name="testFacetAndHighlightWithPrefixPostfix" classname="org.springframework.data.solr.repository.ITestSolrRepositoryOperations" time="0.038"/>
  <testcase name="findTopNResultAppliesLimitationCorrectly" classname="org.springframework.data.solr.repository.ITestSolrRepositoryOperations" time="0.044"/>
  <testcase name="testFindConcatedByAnd" classname="org.springframework.data.solr.repository.ITestSolrRepositoryOperations" time="0.033"/>
  <testcase name="testProjectionOnFieldsForStringBasedQuery" classname="org.springframework.data.solr.repository.ITestSolrRepositoryOperations" time="0.036"/>
  <testcase name="testFindByLessThanEqual" classname="org.springframework.data.solr.repository.ITestSolrRepositoryOperations" time="0.038"/>
  <testcase name="testFindByNearWithBox" classname="org.springframework.data.solr.repository.ITestSolrRepositoryOperations" time="0.057"/>
  <testcase name="testFindWithSortDescForNamedQuery" classname="org.springframework.data.solr.repository.ITestSolrRepositoryOperations" time="0.075"/>
  <testcase name="testFindWithSortAsc" classname="org.springframework.data.solr.repository.ITestSolrRepositoryOperations" time="0.082"/>
  <testcase name="testFindByIn" classname="org.springframework.data.solr.repository.ITestSolrRepositoryOperations" time="0.046"/>
  <testcase name="testFindByIs" classname="org.springframework.data.solr.repository.ITestSolrRepositoryOperations" time="0.038"/>
  <testcase name="sliceShouldReturnCorrectly" classname="org.springframework.data.solr.repository.ITestSolrRepositoryOperations" time="0.057"/>
  <testcase name="testHighlightWithPrefixPostfix" classname="org.springframework.data.solr.repository.ITestSolrRepositoryOperations" time="0.046"/>
  <testcase name="testFindWithSortDescForAnnotatedQuery" classname="org.springframework.data.solr.repository.ITestSolrRepositoryOperations" time="0.076"/>
  <testcase name="testDefaultAndOperator" classname="org.springframework.data.solr.repository.ITestSolrRepositoryOperations" time="0.0">
    <skipped/>
  </testcase>
  <testcase name="testFindByBooleanTrue" classname="org.springframework.data.solr.repository.ITestSolrRepositoryOperations" time="0.034"/>
  <testcase name="testFindWithSortDescInPageableForNamedQuery" classname="org.springframework.data.solr.repository.ITestSolrRepositoryOperations" time="0.077"/>
  <testcase name="testFacetAndHighlightWithFieldsAndFacetResult" classname="org.springframework.data.solr.repository.ITestSolrRepositoryOperations" time="0.062"/>
  <testcase name="testFindByAfter" classname="org.springframework.data.solr.repository.ITestSolrRepositoryOperations" time="0.071"/>
  <testcase name="testFindByIsNot" classname="org.springframework.data.solr.repository.ITestSolrRepositoryOperations" time="0.035"/>
  <testcase name="testFindByNotIn" classname="org.springframework.data.solr.repository.ITestSolrRepositoryOperations" time="0.034"/>
  <testcase name="testFindByRegex" classname="org.springframework.data.solr.repository.ITestSolrRepositoryOperations" time="0.038"/>
  <testcase name="testPagination" classname="org.springframework.data.solr.repository.ITestSolrRepositoryOperations" time="0.043"/>
  <testcase name="derivedFinderUsingEnum" classname="org.springframework.data.solr.repository.ITestSolrRepositoryOperations" time="0.058"/>
  <testcase name="testFindOneByCriteria" classname="org.springframework.data.solr.repository.ITestSolrRepositoryOperations" time="0.057"/>
  <testcase name="testFindByGreaterThanEqual" classname="org.springframework.data.solr.repository.ITestSolrRepositoryOperations" time="0.034"/>
  <testcase name="testFindByStartsWith" classname="org.springframework.data.solr.repository.ITestSolrRepositoryOperations" time="0.036"/>
  <testcase name="findTopNResultAppliesLimitationForPageableCorrectly" classname="org.springframework.data.solr.repository.ITestSolrRepositoryOperations" time="0.06"/>
  <testcase name="testFindByWithinAnd2" classname="org.springframework.data.solr.repository.ITestSolrRepositoryOperations" time="0.057"/>
  <testcase name="testMultipleFilters" classname="org.springframework.data.solr.repository.ITestSolrRepositoryOperations" time="0.036"/>
  <testcase name="testQueryWithHighlight" classname="org.springframework.data.solr.repository.ITestSolrRepositoryOperations" time="0.037"/>
  <testcase name="testQueryWithFacetAndHighlight" classname="org.springframework.data.solr.repository.ITestSolrRepositoryOperations" time="0.038"/>
  <testcase name="sliceShouldBeEmptyWhenPageableOutOfRange" classname="org.springframework.data.solr.repository.ITestSolrRepositoryOperations" time="0.065"/>
  <testcase name="testExists" classname="org.springframework.data.solr.repository.ITestSolrRepositoryOperations" time="0.041"/>
  <testcase name="testOrderByConsidersMappedFieldName" classname="org.springframework.data.solr.repository.ITestSolrRepositoryOperations" time="0.035"/>
  <testcase name="testProjectionOnFieldsForDerivedQuery" classname="org.springframework.data.solr.repository.ITestSolrRepositoryOperations" time="0.038"/>
  <testcase name="testDerivedDeleteByQueryRemovesDocumentAndReturnsNumberDeletedCorrectly" classname="org.springframework.data.solr.repository.ITestSolrRepositoryOperations" time="0.051"/>
  <testcase name="testStatsAnnotatedMethod" classname="org.springframework.data.solr.repository.ITestSolrRepositoryOperations" time="0.065"/>
  <testcase name="testFacetWithParametrizedQuery" classname="org.springframework.data.solr.repository.ITestSolrRepositoryOperations" time="0.06"/>
  <testcase name="testWithBoost" classname="org.springframework.data.solr.repository.ITestSolrRepositoryOperations" time="0.071"/>
  <testcase name="testAnnotatedDeleteByQueryRemovesDocumensCorrectly" classname="org.springframework.data.solr.repository.ITestSolrRepositoryOperations" time="0.049"/>
  <testcase name="testDefaultOrOperator" classname="org.springframework.data.solr.repository.ITestSolrRepositoryOperations" time="0.0">
    <skipped/>
  </testcase>
  <testcase name="testFacetOnSingleField" classname="org.springframework.data.solr.repository.ITestSolrRepositoryOperations" time="0.034"/>
  <testcase name="testFacetOnSingleQuery" classname="org.springframework.data.solr.repository.ITestSolrRepositoryOperations" time="0.036"/>
  <testcase name="testFindByWithinAnd" classname="org.springframework.data.solr.repository.ITestSolrRepositoryOperations" time="0.068"/>
  <testcase name="findTopNResultReturnsEmptyListIfOusideOfRange" classname="org.springframework.data.solr.repository.ITestSolrRepositoryOperations" time="0.059"/>
  <testcase name="testDereivedDeleteQueryRemovesDocumentsCorrectly" classname="org.springframework.data.solr.repository.ITestSolrRepositoryOperations" time="0.047"/>
  <testcase name="testFindByNamedQuery" classname="org.springframework.data.solr.repository.ITestSolrRepositoryOperations" time="0.037"/>
  <testcase name="findTopNResultAppliesLimitationForPageableCorrectlyForPage1" classname="org.springframework.data.solr.repository.ITestSolrRepositoryOperations" time="0.063"/>
  <system-out><![CDATA[]]></system-out>
  <system-err><![CDATA[]]></system-err>
</testsuite>
