<?xml version="1.0" encoding="UTF-8"?>
<testsuite name="org.springframework.data.solr.core.convert.MappingSolrConverterTests" tests="77" skipped="0" failures="0" errors="0" timestamp="2025-03-26T03:08:16" hostname="192.168.1.7" time="0.173">
  <properties/>
  <testcase name="testWriteWithSimpleTypes" classname="org.springframework.data.solr.core.convert.MappingSolrConverterTests" time="0.002"/>
  <testcase name="testReadFieldWithTrailingWildcardToDynamicMap" classname="org.springframework.data.solr.core.convert.MappingSolrConverterTests" time="0.004"/>
  <testcase name="testReadFieldWithTrailingWildcardToMap" classname="org.springframework.data.solr.core.convert.MappingSolrConverterTests" time="0.003"/>
  <testcase name="testWriteListWithLeadingWildcard" classname="org.springframework.data.solr.core.convert.MappingSolrConverterTests" time="0.003"/>
  <testcase name="writeEnumValues" classname="org.springframework.data.solr.core.convert.MappingSolrConverterTests" time="0.003"/>
  <testcase name="testReadToFieldExcludedFromIndexing" classname="org.springframework.data.solr.core.convert.MappingSolrConverterTests" time="0.002"/>
  <testcase name="testWriteDynamicMappedPropertyWithLeadingWildcard" classname="org.springframework.data.solr.core.convert.MappingSolrConverterTests" time="0.002"/>
  <testcase name="testWriteWithNulls" classname="org.springframework.data.solr.core.convert.MappingSolrConverterTests" time="0.003"/>
  <testcase name="testReadWithTargetConstructorCall" classname="org.springframework.data.solr.core.convert.MappingSolrConverterTests" time="0.001"/>
  <testcase name="testReadPropertyWithTrailingWildcardToCollection" classname="org.springframework.data.solr.core.convert.MappingSolrConverterTests" time="0.002"/>
  <testcase name="testReadPropertyWithLeadingWildcard" classname="org.springframework.data.solr.core.convert.MappingSolrConverterTests" time="0.003"/>
  <testcase name="testReadMultivaluedFieldWithLeadingWildcardToListInDynamicMap" classname="org.springframework.data.solr.core.convert.MappingSolrConverterTests" time="0.002"/>
  <testcase name="testWriteListWithTrailingWildcard" classname="org.springframework.data.solr.core.convert.MappingSolrConverterTests" time="0.002"/>
  <testcase name="shouldUseConstructorCorrectlyWhenMultivaluedConvertedToArray" classname="org.springframework.data.solr.core.convert.MappingSolrConverterTests" time="0.002"/>
  <testcase name="testWriteMappedListProperty" classname="org.springframework.data.solr.core.convert.MappingSolrConverterTests" time="0.002"/>
  <testcase name="testReadPropertyWithTrailingWildcardToArray" classname="org.springframework.data.solr.core.convert.MappingSolrConverterTests" time="0.002"/>
  <testcase name="testWriteArrayWithTailingWildcard" classname="org.springframework.data.solr.core.convert.MappingSolrConverterTests" time="0.002"/>
  <testcase name="testWriteSingeValuedFieldWithLeadingWildcard" classname="org.springframework.data.solr.core.convert.MappingSolrConverterTests" time="0.002"/>
  <testcase name="testReadSingleValuedArray" classname="org.springframework.data.solr.core.convert.MappingSolrConverterTests" time="0.002"/>
  <testcase name="testWriteArrayWithLeadingWildcard" classname="org.springframework.data.solr.core.convert.MappingSolrConverterTests" time="0.002"/>
  <testcase name="testWrite" classname="org.springframework.data.solr.core.convert.MappingSolrConverterTests" time="0.001"/>
  <testcase name="testRead" classname="org.springframework.data.solr.core.convert.MappingSolrConverterTests" time="0.002"/>
  <testcase name="testReadBeanWithInheritance" classname="org.springframework.data.solr.core.convert.MappingSolrConverterTests" time="0.004"/>
  <testcase name="testWriteDynamicMappedPropertyWithTrailingWildcard" classname="org.springframework.data.solr.core.convert.MappingSolrConverterTests" time="0.004"/>
  <testcase name="testReadWithCustomTypes" classname="org.springframework.data.solr.core.convert.MappingSolrConverterTests" time="0.003"/>
  <testcase name="testReadPropertyWithLeadingWildcardToCollection" classname="org.springframework.data.solr.core.convert.MappingSolrConverterTests" time="0.005"/>
  <testcase name="testReadWithPropertiesNotInDocument" classname="org.springframework.data.solr.core.convert.MappingSolrConverterTests" time="0.002"/>
  <testcase name="testWriteBeanWithInheritance" classname="org.springframework.data.solr.core.convert.MappingSolrConverterTests" time="0.001"/>
  <testcase name="testReadToLinkedHashMapMap" classname="org.springframework.data.solr.core.convert.MappingSolrConverterTests" time="0.004"/>
  <testcase name="testReadMultivaluedFieldWithLeadingWildcardToListInMap" classname="org.springframework.data.solr.core.convert.MappingSolrConverterTests" time="0.002"/>
  <testcase name="testReadPropertyWithTrailingWildcard" classname="org.springframework.data.solr.core.convert.MappingSolrConverterTests" time="0.003"/>
  <testcase name="testWriteWithFieldsExcludedFromIndexing" classname="org.springframework.data.solr.core.convert.MappingSolrConverterTests" time="0.002"/>
  <testcase name="testReadOverlappingWildcradsIgnoresNoWildcardFields" classname="org.springframework.data.solr.core.convert.MappingSolrConverterTests" time="0.003"/>
  <testcase name="testWriteNonMapPropertyWithWildcardWhenNotIndexed" classname="org.springframework.data.solr.core.convert.MappingSolrConverterTests" time="0.002"/>
  <testcase name="testReadWithSimpleTypes" classname="org.springframework.data.solr.core.convert.MappingSolrConverterTests" time="0.002"/>
  <testcase name="testReadToMap" classname="org.springframework.data.solr.core.convert.MappingSolrConverterTests" time="0.002"/>
  <testcase name="testReadWithNullFields" classname="org.springframework.data.solr.core.convert.MappingSolrConverterTests" time="0.001"/>
  <testcase name="testWriteNullToSolrInputDocumentColletion" classname="org.springframework.data.solr.core.convert.MappingSolrConverterTests" time="0.001"/>
  <testcase name="testWriteWithoutFieldAnnotation" classname="org.springframework.data.solr.core.convert.MappingSolrConverterTests" time="0.001"/>
  <testcase name="testWriteEmptyCollectionToSolrInputDocumentColletion" classname="org.springframework.data.solr.core.convert.MappingSolrConverterTests" time="0.001"/>
  <testcase name="testReadMultivaluedFieldWithTrailingWildcardToArrayInMap" classname="org.springframework.data.solr.core.convert.MappingSolrConverterTests" time="0.002"/>
  <testcase name="testWriteListWithWildcard" classname="org.springframework.data.solr.core.convert.MappingSolrConverterTests" time="0.002"/>
  <testcase name="testReadWithWithFieldAnnotationOnSetters" classname="org.springframework.data.solr.core.convert.MappingSolrConverterTests" time="0.002"/>
  <testcase name="testWriteWithFieldAnnotationOnSetter" classname="org.springframework.data.solr.core.convert.MappingSolrConverterTests" time="0.001"/>
  <testcase name="testReadToHashMapMap" classname="org.springframework.data.solr.core.convert.MappingSolrConverterTests" time="0.002"/>
  <testcase name="testWriteCollectionToSolrInputDocumentColletion" classname="org.springframework.data.solr.core.convert.MappingSolrConverterTests" time="0.001"/>
  <testcase name="testReadWithCatchAllField" classname="org.springframework.data.solr.core.convert.MappingSolrConverterTests" time="0.002"/>
  <testcase name="testWriteDynamicMappedArrayPropertyWithLeadingWildcard" classname="org.springframework.data.solr.core.convert.MappingSolrConverterTests" time="0.001"/>
  <testcase name="testWriteMappedArrayProperty" classname="org.springframework.data.solr.core.convert.MappingSolrConverterTests" time="0.006"/>
  <testcase name="testReadMultivaluedFieldWithTrailingWildcardToListInDynamicMap" classname="org.springframework.data.solr.core.convert.MappingSolrConverterTests" time="0.002"/>
  <testcase name="testWriteWithCustomType" classname="org.springframework.data.solr.core.convert.MappingSolrConverterTests" time="0.001"/>
  <testcase name="testWriteDynamicMappedListPropertyWithLeadingWildcard" classname="org.springframework.data.solr.core.convert.MappingSolrConverterTests" time="0.002"/>
  <testcase name="testWriteUpdate" classname="org.springframework.data.solr.core.convert.MappingSolrConverterTests" time="0.0"/>
  <testcase name="testReadMultivaluedFieldWithTrailingWildcardToDynamicMapWithSingleEntry" classname="org.springframework.data.solr.core.convert.MappingSolrConverterTests" time="0.001"/>
  <testcase name="testReadWithNamedProperty" classname="org.springframework.data.solr.core.convert.MappingSolrConverterTests" time="0.002"/>
  <testcase name="testWriteWithCustomTypeList" classname="org.springframework.data.solr.core.convert.MappingSolrConverterTests" time="0.001"/>
  <testcase name="testReadMultivaluedFieldWithTrailingWildcardToArrayInDynamicMap" classname="org.springframework.data.solr.core.convert.MappingSolrConverterTests" time="0.002"/>
  <testcase name="testWriteSingeValuedFieldWithTrailingWildcard" classname="org.springframework.data.solr.core.convert.MappingSolrConverterTests" time="0.002"/>
  <testcase name="testReadPropertyWithLeadingWildcardToArray" classname="org.springframework.data.solr.core.convert.MappingSolrConverterTests" time="0.002"/>
  <testcase name="shouldConvertTypesWithinCollectionsOfMapCorrectly" classname="org.springframework.data.solr.core.convert.MappingSolrConverterTests" time="0.008"/>
  <testcase name="testWriteDynamicMappedListPropertyWithTrailingWildcard" classname="org.springframework.data.solr.core.convert.MappingSolrConverterTests" time="0.002"/>
  <testcase name="testReadMultivaluedFieldWithTrailingWildcardToListInMap" classname="org.springframework.data.solr.core.convert.MappingSolrConverterTests" time="0.011"/>
  <testcase name="testReadMultivaluedFieldWithLeadingWildcardToMapWithSingleEntry" classname="org.springframework.data.solr.core.convert.MappingSolrConverterTests" time="0.001"/>
  <testcase name="testWriteWithNamedProperty" classname="org.springframework.data.solr.core.convert.MappingSolrConverterTests" time="0.001"/>
  <testcase name="testReadOverlappingWildcardsShouldMatchWildCardAtEndOfPattern" classname="org.springframework.data.solr.core.convert.MappingSolrConverterTests" time="0.002"/>
  <testcase name="testReadMultivaluedFieldWithLeadingWildcardToArrayInMap" classname="org.springframework.data.solr.core.convert.MappingSolrConverterTests" time="0.003"/>
  <testcase name="testWriteMappedProperty" classname="org.springframework.data.solr.core.convert.MappingSolrConverterTests" time="0.002"/>
  <testcase name="testReadMultivaluedFieldWithLeadingWildcardToDynamicMapWithSingleEntry" classname="org.springframework.data.solr.core.convert.MappingSolrConverterTests" time="0.0"/>
  <testcase name="testWriteDynamicMappedArrayPropertyWithTrailingWildcard" classname="org.springframework.data.solr.core.convert.MappingSolrConverterTests" time="0.002"/>
  <testcase name="testReadOverlappingWildcradsShouldPlaceStringInMultipleMatchingFields" classname="org.springframework.data.solr.core.convert.MappingSolrConverterTests" time="0.001"/>
  <testcase name="testReadMultivaluedFieldWithTrailingWildcardToMapWithSingleEntry" classname="org.springframework.data.solr.core.convert.MappingSolrConverterTests" time="0.002"/>
  <testcase name="testReadOverlappingWildcradsShouldPlaceStringInOnlyOneMatchingFieldWhenNoFullMatch" classname="org.springframework.data.solr.core.convert.MappingSolrConverterTests" time="0.002"/>
  <testcase name="testReadFieldWithLeadingWildcardToMap" classname="org.springframework.data.solr.core.convert.MappingSolrConverterTests" time="0.002"/>
  <testcase name="writeListOfEnumValues" classname="org.springframework.data.solr.core.convert.MappingSolrConverterTests" time="0.001"/>
  <testcase name="testReadFieldWithLeadingWildcardToDynamicMap" classname="org.springframework.data.solr.core.convert.MappingSolrConverterTests" time="0.002"/>
  <testcase name="readListOfEnumValues" classname="org.springframework.data.solr.core.convert.MappingSolrConverterTests" time="0.002"/>
  <testcase name="testReadMultivaluedFieldWithLeadingWildcardToArrayInDynamicMap" classname="org.springframework.data.solr.core.convert.MappingSolrConverterTests" time="0.002"/>
  <system-out><![CDATA[]]></system-out>
  <system-err><![CDATA[]]></system-err>
</testsuite>
