<?xml version="1.0" encoding="UTF-8"?>
<testsuite name="org.springframework.data.solr.core.mapping.SimpleSolrPersitentPropertyFieldNameTests" tests="5" skipped="0" failures="0" errors="0" timestamp="2025-03-26T03:08:17" hostname="192.168.1.7" time="0.002">
  <properties/>
  <testcase name="testGetFieldnameReturnsProperNameForAnnotationsIndexedAndField[0]" classname="org.springframework.data.solr.core.mapping.SimpleSolrPersitentPropertyFieldNameTests" time="0.001"/>
  <testcase name="testGetFieldnameReturnsProperNameForAnnotationsIndexedAndField[1]" classname="org.springframework.data.solr.core.mapping.SimpleSolrPersitentPropertyFieldNameTests" time="0.0"/>
  <testcase name="testGetFieldnameReturnsProperNameForAnnotationsIndexedAndField[2]" classname="org.springframework.data.solr.core.mapping.SimpleSolrPersitentPropertyFieldNameTests" time="0.0"/>
  <testcase name="testGetFieldnameReturnsProperNameForAnnotationsIndexedAndField[3]" classname="org.springframework.data.solr.core.mapping.SimpleSolrPersitentPropertyFieldNameTests" time="0.001"/>
  <testcase name="testGetFieldnameReturnsProperNameForAnnotationsIndexedAndField[4]" classname="org.springframework.data.solr.core.mapping.SimpleSolrPersitentPropertyFieldNameTests" time="0.0"/>
  <system-out><![CDATA[]]></system-out>
  <system-err><![CDATA[]]></system-err>
</testsuite>
