<?xml version="1.0" encoding="UTF-8"?>
<testsuite name="org.springframework.data.solr.repository.ITestSimpleSolrRepository" tests="3" skipped="0" failures="0" errors="0" timestamp="2025-03-26T03:08:25" hostname="192.168.1.7" time="0.167">
  <properties/>
  <testcase name="testBeanLifecyleWithCommitWithin" classname="org.springframework.data.solr.repository.ITestSimpleSolrRepository" time="0.047"/>
  <testcase name="testListFunctions" classname="org.springframework.data.solr.repository.ITestSimpleSolrRepository" time="0.076"/>
  <testcase name="testBeanLifecyle" classname="org.springframework.data.solr.repository.ITestSimpleSolrRepository" time="0.044"/>
  <system-out><![CDATA[]]></system-out>
  <system-err><![CDATA[]]></system-err>
</testsuite>
