<?xml version="1.0" encoding="UTF-8"?>
<testsuite name="org.springframework.data.solr.core.query.FacetOptionsTests" tests="33" skipped="0" failures="0" errors="0" timestamp="2025-03-26T03:08:17" hostname="192.168.1.7" time="0.002">
  <properties/>
  <testcase name="testNumericRangeFacetAccessorsAfterNullSet" classname="org.springframework.data.solr.core.query.FacetOptionsTests" time="0.0"/>
  <testcase name="testSetFacetSortWithNullValue" classname="org.springframework.data.solr.core.query.FacetOptionsTests" time="0.0"/>
  <testcase name="testFacetOptionsEmptyConstructor" classname="org.springframework.data.solr.core.query.FacetOptionsTests" time="0.0"/>
  <testcase name="testAddFacetOnFieldWithoutFieldname" classname="org.springframework.data.solr.core.query.FacetOptionsTests" time="0.0"/>
  <testcase name="testAddFacetOnPivotWithNullField" classname="org.springframework.data.solr.core.query.FacetOptionsTests" time="0.0"/>
  <testcase name="testAddFacetOnFieldNullValue" classname="org.springframework.data.solr.core.query.FacetOptionsTests" time="0.0"/>
  <testcase name="testFacetOptionsConstructorSingleField" classname="org.springframework.data.solr.core.query.FacetOptionsTests" time="0.0"/>
  <testcase name="testNumericRangeFacetAccessors" classname="org.springframework.data.solr.core.query.FacetOptionsTests" time="0.0"/>
  <testcase name="testDateRangeFacetAccessors" classname="org.springframework.data.solr.core.query.FacetOptionsTests" time="0.0"/>
  <testcase name="testFacetOptionsConstructorSingleFieldname" classname="org.springframework.data.solr.core.query.FacetOptionsTests" time="0.0"/>
  <testcase name="testAddFacetOnPivotWithFieldNames" classname="org.springframework.data.solr.core.query.FacetOptionsTests" time="0.0"/>
  <testcase name="testSetFacetMinCount" classname="org.springframework.data.solr.core.query.FacetOptionsTests" time="0.0"/>
  <testcase name="testAddFacetOnQueryConstructorSingleNullQuery" classname="org.springframework.data.solr.core.query.FacetOptionsTests" time="0.0"/>
  <testcase name="testGetFieldsWithFacetParametersNoFieldsAvailable" classname="org.springframework.data.solr.core.query.FacetOptionsTests" time="0.0"/>
  <testcase name="testGetFieldsWithFacetParameters" classname="org.springframework.data.solr.core.query.FacetOptionsTests" time="0.0"/>
  <testcase name="testSetFacetLimit" classname="org.springframework.data.solr.core.query.FacetOptionsTests" time="0.0"/>
  <testcase name="testAddFacetOnQueryConstructorSingleQuery" classname="org.springframework.data.solr.core.query.FacetOptionsTests" time="0.0"/>
  <testcase name="testAddFacetOnPivotWithField" classname="org.springframework.data.solr.core.query.FacetOptionsTests" time="0.0"/>
  <testcase name="testHasNullFacetPrefix" classname="org.springframework.data.solr.core.query.FacetOptionsTests" time="0.001"/>
  <testcase name="testFacetOptionsConstructorSingleNullValueFieldname" classname="org.springframework.data.solr.core.query.FacetOptionsTests" time="0.0"/>
  <testcase name="testAddFacetOnField" classname="org.springframework.data.solr.core.query.FacetOptionsTests" time="0.0"/>
  <testcase name="testAddFacetOnQuery" classname="org.springframework.data.solr.core.query.FacetOptionsTests" time="0.0"/>
  <testcase name="testAddMultipleFacetOnPivotWithField" classname="org.springframework.data.solr.core.query.FacetOptionsTests" time="0.0"/>
  <testcase name="testAddFacetOnNullQuery" classname="org.springframework.data.solr.core.query.FacetOptionsTests" time="0.0"/>
  <testcase name="testAddFacetOnPivotWithoutFieldName" classname="org.springframework.data.solr.core.query.FacetOptionsTests" time="0.0"/>
  <testcase name="testAddFacetOnPivotWithNullFieldName" classname="org.springframework.data.solr.core.query.FacetOptionsTests" time="0.0"/>
  <testcase name="testSetFacetSort" classname="org.springframework.data.solr.core.query.FacetOptionsTests" time="0.0"/>
  <testcase name="testFacetQueryWithFacetRangeFields" classname="org.springframework.data.solr.core.query.FacetOptionsTests" time="0.0"/>
  <testcase name="testHasBlankFacetPrefix" classname="org.springframework.data.solr.core.query.FacetOptionsTests" time="0.0"/>
  <testcase name="testHasFacetPrefix" classname="org.springframework.data.solr.core.query.FacetOptionsTests" time="0.0"/>
  <testcase name="testDateRangeFacetAccessorsAfterNullSet" classname="org.springframework.data.solr.core.query.FacetOptionsTests" time="0.0"/>
  <testcase name="testAddFacetOnPivotWithEmptyField" classname="org.springframework.data.solr.core.query.FacetOptionsTests" time="0.0"/>
  <testcase name="testFacetOptionsConstructorSingleNullValueField" classname="org.springframework.data.solr.core.query.FacetOptionsTests" time="0.0"/>
  <system-out><![CDATA[]]></system-out>
  <system-err><![CDATA[]]></system-err>
</testsuite>
